<?xml version="1.0" encoding="UTF-8"?>
<robot generator="Robot 4.1.3 (Python 3.10.1 on win32)" generated="20211227 11:52:14.049" rpa="false" schemaversion="2">
<suite id="s1" name="Facbook" source="C:\Users\ptkbs\PycharmProjects\Robo\Testcases\Facbook.robot">
<kw name="InvokeBrowser" library="Test_Helpers" type="SETUP">
<kw name="Open Browser" library="SeleniumLibrary">
<arg>https://www.facebook.com/</arg>
<arg>chrome</arg>
<doc>Opens a new browser instance to the optional ``url``.</doc>
<msg timestamp="20211227 11:52:14.546" level="INFO">Opening browser 'chrome' to base url 'https://www.facebook.com/'.</msg>
<status status="PASS" starttime="20211227 11:52:14.546" endtime="20211227 11:52:18.117"/>
</kw>
<kw name="Maximize Browser Window" library="SeleniumLibrary">
<doc>Maximizes current browser window.</doc>
<status status="PASS" starttime="20211227 11:52:18.118" endtime="20211227 11:52:18.255"/>
</kw>
<status status="PASS" starttime="20211227 11:52:14.545" endtime="20211227 11:52:18.256"/>
</kw>
<test id="s1-t1" name="LoginScenario">
<kw name="FBLoginPage" library="Test_Helpers">
<arg>${FB_UserName}</arg>
<arg>${FB_Password}</arg>
<kw name="Input Text" library="SeleniumLibrary">
<arg>${txt_UserName}</arg>
<arg>${Fb_username}</arg>
<doc>Types the given ``text`` into the text field identified by ``locator``.</doc>
<msg timestamp="20211227 11:52:18.260" level="INFO">Typing text 'sivanand95@gmail.com' into text field 'id:email'.</msg>
<status status="PASS" starttime="20211227 11:52:18.259" endtime="20211227 11:52:18.533"/>
</kw>
<kw name="Input Text" library="SeleniumLibrary">
<arg>${txt_Password}</arg>
<arg>${Fb_Password}</arg>
<doc>Types the given ``text`` into the text field identified by ``locator``.</doc>
<msg timestamp="20211227 11:52:18.537" level="INFO">Typing text 'FBKutt!#20' into text field 'id:pass'.</msg>
<status status="PASS" starttime="20211227 11:52:18.536" endtime="20211227 11:52:18.721"/>
</kw>
<kw name="Click Element" library="SeleniumLibrary">
<arg>${Btn_SignIn}</arg>
<doc>Click the element identified by ``locator``.</doc>
<msg timestamp="20211227 11:52:18.722" level="INFO">Clicking element 'name:login'.</msg>
<status status="PASS" starttime="20211227 11:52:18.722" endtime="20211227 11:52:18.821"/>
</kw>
<status status="PASS" starttime="20211227 11:52:18.258" endtime="20211227 11:52:18.822"/>
</kw>
<kw name="LoginVerification" library="Test_Helpers">
<kw name="Page Should Contain" library="SeleniumLibrary">
<arg>What's on your mind</arg>
<doc>Verifies that current page contains ``text``.</doc>
<msg timestamp="20211227 11:52:22.737" level="INFO">Current page contains text 'What's on your mind'.</msg>
<status status="PASS" starttime="20211227 11:52:18.823" endtime="20211227 11:52:22.737"/>
</kw>
<status status="PASS" starttime="20211227 11:52:18.822" endtime="20211227 11:52:22.738"/>
</kw>
<status status="PASS" starttime="20211227 11:52:18.256" endtime="20211227 11:52:22.738"/>
</test>
<kw name="CloseFB" library="Test_Helpers" type="TEARDOWN">
<kw name="Close All Browsers" library="SeleniumLibrary">
<doc>Closes all open browsers and resets the browser cache.</doc>
<status status="PASS" starttime="20211227 11:52:22.742" endtime="20211227 11:52:25.091"/>
</kw>
<status status="PASS" starttime="20211227 11:52:22.741" endtime="20211227 11:52:25.092"/>
</kw>
<status status="PASS" starttime="20211227 11:52:14.052" endtime="20211227 11:52:25.092"/>
</suite>
<statistics>
<total>
<stat pass="1" fail="0" skip="0">All Tests</stat>
</total>
<tag>
</tag>
<suite>
<stat pass="1" fail="0" skip="0" id="s1" name="Facbook">Facbook</stat>
</suite>
</statistics>
<errors>
</errors>
</robot>
